# JRE version: OpenJDK Runtime Environment (8.0_152-b01) (build 1.8.0_152-release-1024-b01)
# Java VM: OpenJDK 64-Bit Server VM (25.152-b01 mixed mode bsd-amd64 compressed oops)
Heap:
 PSYoungGen      total 269824K, used 113617K [0x00000007a0000000, 0x00000007b9100000, 0x00000007c0000000)
  eden space 257024K, 39% used [0x00000007a0000000,0x00000007a6277248,0x00000007afb00000)
  from space 12800K, 99% used [0x00000007b1000000,0x00000007b1c7d4e0,0x00000007b1c80000)
  to   space 21504K, 0% used [0x00000007afb00000,0x00000007afb00000,0x00000007b1000000)
 ParOldGen       total 178176K, used 29852K [0x0000000760000000, 0x000000076ae00000, 0x00000007a0000000)
  object space 178176K, 16% used [0x0000000760000000,0x0000000761d27110,0x000000076ae00000)
 Metaspace       used 56317K, capacity 58068K, committed 58200K, reserved 1099776K
  class space    used 7633K, capacity 8033K, committed 8064K, reserved 1048576K
GC Heap History (10 events):
Event: 2.113 GC heap before
{Heap before GC invocations=4 (full 1):
 PSYoungGen      total 141824K, used 9021K [0x00000007a0000000, 0x00000007b1500000, 0x00000007c0000000)
  eden space 131072K, 0% used [0x00000007a0000000,0x00000007a0000000,0x00000007a8000000)
  from space 10752K, 83% used [0x00000007a8000000,0x00000007a88cf580,0x00000007a8a80000)
  to   space 10752K, 0% used [0x00000007b0a80000,0x00000007b0a80000,0x00000007b1500000)
 ParOldGen       total 175104K, used 32K [0x0000000760000000, 0x000000076ab00000, 0x00000007a0000000)
  object space 175104K, 0% used [0x0000000760000000,0x0000000760008000,0x000000076ab00000)
 Metaspace       used 20745K, capacity 21102K, committed 21248K, reserved 1067008K
  class space    used 2916K, capacity 3069K, committed 3072K, reserved 1048576K
Event: 2.151 GC heap after
Heap after GC invocations=4 (full 1):
 PSYoungGen      total 141824K, used 0K [0x00000007a0000000, 0x00000007b1500000, 0x00000007c0000000)
  eden space 131072K, 0% used [0x00000007a0000000,0x00000007a0000000,0x00000007a8000000)
  from space 10752K, 0% used [0x00000007a8000000,0x00000007a8000000,0x00000007a8a80000)
  to   space 10752K, 0% used [0x00000007b0a80000,0x00000007b0a80000,0x00000007b1500000)
 ParOldGen       total 110592K, used 8715K [0x0000000760000000, 0x0000000766c00000, 0x00000007a0000000)
  object space 110592K, 7% used [0x0000000760000000,0x0000000760882c90,0x0000000766c00000)
 Metaspace       used 20745K, capacity 21102K, committed 21248K, reserved 1067008K
  class space    used 2916K, capacity 3069K, committed 3072K, reserved 1048576K
}
Event: 3.830 GC heap before
{Heap before GC invocations=5 (full 1):
 PSYoungGen      total 141824K, used 131072K [0x00000007a0000000, 0x00000007b1500000, 0x00000007c0000000)
  eden space 131072K, 100% used [0x00000007a0000000,0x00000007a8000000,0x00000007a8000000)
  from space 10752K, 0% used [0x00000007a8000000,0x00000007a8000000,0x00000007a8a80000)
  to   space 10752K, 0% used [0x00000007b0a80000,0x00000007b0a80000,0x00000007b1500000)
 ParOldGen       total 110592K, used 8715K [0x0000000760000000, 0x0000000766c00000, 0x00000007a0000000)
  object space 110592K, 7% used [0x0000000760000000,0x0000000760882c90,0x0000000766c00000)
 Metaspace       used 29492K, capacity 29948K, committed 30208K, reserved 1075200K
  class space    used 4154K, capacity 4321K, committed 4352K, reserved 1048576K
Event: 3.841 GC heap after
Heap after GC invocations=5 (full 1):
 PSYoungGen      total 196608K, used 10739K [0x00000007a0000000, 0x00000007b1500000, 0x00000007c0000000)
  eden space 185856K, 0% used [0x00000007a0000000,0x00000007a0000000,0x00000007ab580000)
  from space 10752K, 99% used [0x00000007b0a80000,0x00000007b14fcc38,0x00000007b1500000)
  to   space 10752K, 0% used [0x00000007b0000000,0x00000007b0000000,0x00000007b0a80000)
 ParOldGen       total 110592K, used 10602K [0x0000000760000000, 0x0000000766c00000, 0x00000007a0000000)
  object space 110592K, 9% used [0x0000000760000000,0x0000000760a5a878,0x0000000766c00000)
 Metaspace       used 29492K, capacity 29948K, committed 30208K, reserved 1075200K
  class space    used 4154K, capacity 4321K, committed 4352K, reserved 1048576K
}
Event: 4.348 GC heap before
{Heap before GC invocations=6 (full 1):
 PSYoungGen      total 196608K, used 38891K [0x00000007a0000000, 0x00000007b1500000, 0x00000007c0000000)
  eden space 185856K, 15% used [0x00000007a0000000,0x00000007a1b7e320,0x00000007ab580000)
  from space 10752K, 99% used [0x00000007b0a80000,0x00000007b14fcc38,0x00000007b1500000)
  to   space 10752K, 0% used [0x00000007b0000000,0x00000007b0000000,0x00000007b0a80000)
 ParOldGen       total 110592K, used 10602K [0x0000000760000000, 0x0000000766c00000, 0x00000007a0000000)
  object space 110592K, 9% used [0x0000000760000000,0x0000000760a5a878,0x0000000766c00000)
 Metaspace       used 34674K, capacity 35264K, committed 35416K, reserved 1079296K
  class space    used 4776K, capacity 4970K, committed 4992K, reserved 1048576K
Event: 4.356 GC heap after
Heap after GC invocations=6 (full 1):
 PSYoungGen      total 272896K, used 9538K [0x00000007a0000000, 0x00000007b1c80000, 0x00000007c0000000)
  eden space 262144K, 0% used [0x00000007a0000000,0x00000007a0000000,0x00000007b0000000)
  from space 10752K, 88% used [0x00000007b0000000,0x00000007b0950870,0x00000007b0a80000)
  to   space 12800K, 0% used [0x00000007b1000000,0x00000007b1000000,0x00000007b1c80000)
 ParOldGen       total 110592K, used 10610K [0x0000000760000000, 0x0000000766c00000, 0x00000007a0000000)
  object space 110592K, 9% used [0x0000000760000000,0x0000000760a5c878,0x0000000766c00000)
 Metaspace       used 34674K, capacity 35264K, committed 35416K, reserved 1079296K
  class space    used 4776K, capacity 4970K, committed 4992K, reserved 1048576K
}
Event: 4.356 GC heap before
{Heap before GC invocations=7 (full 2):
 PSYoungGen      total 272896K, used 9538K [0x00000007a0000000, 0x00000007b1c80000, 0x00000007c0000000)
  eden space 262144K, 0% used [0x00000007a0000000,0x00000007a0000000,0x00000007b0000000)
  from space 10752K, 88% used [0x00000007b0000000,0x00000007b0950870,0x00000007b0a80000)
  to   space 12800K, 0% used [0x00000007b1000000,0x00000007b1000000,0x00000007b1c80000)
 ParOldGen       total 110592K, used 10610K [0x0000000760000000, 0x0000000766c00000, 0x00000007a0000000)
  object space 110592K, 9% used [0x0000000760000000,0x0000000760a5c878,0x0000000766c00000)
 Metaspace       used 34674K, capacity 35264K, committed 35416K, reserved 1079296K
  class space    used 4776K, capacity 4970K, committed 4992K, reserved 1048576K
Event: 4.398 GC heap after
Heap after GC invocations=7 (full 2):
 PSYoungGen      total 272896K, used 0K [0x00000007a0000000, 0x00000007b1c80000, 0x00000007c0000000)
  eden space 262144K, 0% used [0x00000007a0000000,0x00000007a0000000,0x00000007b0000000)
  from space 10752K, 0% used [0x00000007b0000000,0x00000007b0000000,0x00000007b0a80000)
  to   space 12800K, 0% used [0x00000007b1000000,0x00000007b1000000,0x00000007b1c80000)
 ParOldGen       total 178176K, used 16215K [0x0000000760000000, 0x000000076ae00000, 0x00000007a0000000)
  object space 178176K, 9% used [0x0000000760000000,0x0000000760fd5ed8,0x000000076ae00000)
 Metaspace       used 34674K, capacity 35264K, committed 35416K, reserved 1079296K
  class space    used 4776K, capacity 4970K, committed 4992K, reserved 1048576K
}
Event: 7.491 GC heap before
{Heap before GC invocations=8 (full 2):
 PSYoungGen      total 272896K, used 262144K [0x00000007a0000000, 0x00000007b1c80000, 0x00000007c0000000)
  eden space 262144K, 100% used [0x00000007a0000000,0x00000007b0000000,0x00000007b0000000)
  from space 10752K, 0% used [0x00000007b0000000,0x00000007b0000000,0x00000007b0a80000)
  to   space 12800K, 0% used [0x00000007b1000000,0x00000007b1000000,0x00000007b1c80000)
 ParOldGen       total 178176K, used 16215K [0x0000000760000000, 0x000000076ae00000, 0x00000007a0000000)
  object space 178176K, 9% used [0x0000000760000000,0x0000000760fd5ed8,0x000000076ae00000)
 Metaspace       used 52456K, capacity 54028K, committed 54232K, reserved 1095680K
  class space    used 7225K, capacity 7629K, committed 7680K, reserved 1048576K
Event: 7.519 GC heap after
Heap after GC invocations=8 (full 2):
 PSYoungGen      total 269824K, used 12789K [0x00000007a0000000, 0x00000007b9100000, 0x00000007c0000000)
  eden space 257024K, 0% used [0x00000007a0000000,0x00000007a0000000,0x00000007afb00000)
  from space 12800K, 99% used [0x00000007b1000000,0x00000007b1c7d4e0,0x00000007b1c80000)
  to   space 21504K, 0% used [0x00000007afb00000,0x00000007afb00000,0x00000007b1000000)
 ParOldGen       total 178176K, used 29852K [0x0000000760000000, 0x000000076ae00000, 0x00000007a0000000)
  object space 178176K, 16% used [0x0000000760000000,0x0000000761d27110,0x000000076ae00000)
 Metaspace       used 52456K, capacity 54028K, committed 54232K, reserved 1095680K
  class space    used 7225K, capacity 7629K, committed 7680K, reserved 1048576K
}

