# JRE version: OpenJDK Runtime Environment (8.0_152-b01) (build 1.8.0_152-release-1024-b01)
# Java VM: OpenJDK 64-Bit Server VM (25.152-b01 mixed mode bsd-amd64 compressed oops)
Heap:
 PSYoungGen      total 228352K, used 100129K [0x00000007a0000000, 0x00000007af980000, 0x00000007c0000000)
  eden space 205312K, 48% used [0x00000007a0000000,0x00000007a61c8680,0x00000007ac880000)
  from space 23040K, 0% used [0x00000007ae280000,0x00000007ae280000,0x00000007af900000)
  to   space 25088K, 0% used [0x00000007ac880000,0x00000007ac880000,0x00000007ae100000)
 ParOldGen       total 244224K, used 33023K [0x0000000760000000, 0x000000076ee80000, 0x00000007a0000000)
  object space 244224K, 13% used [0x0000000760000000,0x000000076203fed8,0x000000076ee80000)
 Metaspace       used 66872K, capacity 69256K, committed 69336K, reserved 1110016K
  class space    used 9112K, capacity 9681K, committed 9728K, reserved 1048576K
GC Heap History (10 events):
Event: 3.892 GC heap before
{Heap before GC invocations=7 (full 2):
 PSYoungGen      total 138240K, used 10738K [0x00000007a0000000, 0x00000007aac00000, 0x00000007c0000000)
  eden space 127488K, 0% used [0x00000007a0000000,0x00000007a0000000,0x00000007a7c80000)
  from space 10752K, 99% used [0x00000007a7c80000,0x00000007a86fcb10,0x00000007a8700000)
  to   space 13312K, 0% used [0x00000007a9f00000,0x00000007a9f00000,0x00000007aac00000)
 ParOldGen       total 104960K, used 10749K [0x0000000760000000, 0x0000000766680000, 0x00000007a0000000)
  object space 104960K, 10% used [0x0000000760000000,0x0000000760a7f650,0x0000000766680000)
 Metaspace       used 34639K, capacity 35200K, committed 35416K, reserved 1079296K
  class space    used 4771K, capacity 4970K, committed 4992K, reserved 1048576K
Event: 3.934 GC heap after
Heap after GC invocations=7 (full 2):
 PSYoungGen      total 138240K, used 0K [0x00000007a0000000, 0x00000007aac00000, 0x00000007c0000000)
  eden space 127488K, 0% used [0x00000007a0000000,0x00000007a0000000,0x00000007a7c80000)
  from space 10752K, 0% used [0x00000007a7c80000,0x00000007a7c80000,0x00000007a8700000)
  to   space 13312K, 0% used [0x00000007a9f00000,0x00000007a9f00000,0x00000007aac00000)
 ParOldGen       total 168448K, used 19185K [0x0000000760000000, 0x000000076a480000, 0x00000007a0000000)
  object space 168448K, 11% used [0x0000000760000000,0x00000007612bc540,0x000000076a480000)
 Metaspace       used 34639K, capacity 35200K, committed 35416K, reserved 1079296K
  class space    used 4771K, capacity 4970K, committed 4992K, reserved 1048576K
}
Event: 5.111 GC heap before
{Heap before GC invocations=8 (full 2):
 PSYoungGen      total 138240K, used 127488K [0x00000007a0000000, 0x00000007aac00000, 0x00000007c0000000)
  eden space 127488K, 100% used [0x00000007a0000000,0x00000007a7c80000,0x00000007a7c80000)
  from space 10752K, 0% used [0x00000007a7c80000,0x00000007a7c80000,0x00000007a8700000)
  to   space 13312K, 0% used [0x00000007a9f00000,0x00000007a9f00000,0x00000007aac00000)
 ParOldGen       total 168448K, used 19185K [0x0000000760000000, 0x000000076a480000, 0x00000007a0000000)
  object space 168448K, 11% used [0x0000000760000000,0x00000007612bc540,0x000000076a480000)
 Metaspace       used 42631K, capacity 43570K, committed 43864K, reserved 1087488K
  class space    used 5905K, capacity 6172K, committed 6272K, reserved 1048576K
Event: 5.123 GC heap after
Heap after GC invocations=8 (full 2):
 PSYoungGen      total 160768K, used 13280K [0x00000007a0000000, 0x00000007ad100000, 0x00000007c0000000)
  eden space 147456K, 0% used [0x00000007a0000000,0x00000007a0000000,0x00000007a9000000)
  from space 13312K, 99% used [0x00000007a9f00000,0x00000007aabf8170,0x00000007aac00000)
  to   space 15360K, 0% used [0x00000007a9000000,0x00000007a9000000,0x00000007a9f00000)
 ParOldGen       total 168448K, used 19801K [0x0000000760000000, 0x000000076a480000, 0x00000007a0000000)
  object space 168448K, 11% used [0x0000000760000000,0x0000000761356600,0x000000076a480000)
 Metaspace       used 42631K, capacity 43570K, committed 43864K, reserved 1087488K
  class space    used 5905K, capacity 6172K, committed 6272K, reserved 1048576K
}
Event: 7.086 GC heap before
{Heap before GC invocations=9 (full 2):
 PSYoungGen      total 160768K, used 160736K [0x00000007a0000000, 0x00000007ad100000, 0x00000007c0000000)
  eden space 147456K, 100% used [0x00000007a0000000,0x00000007a9000000,0x00000007a9000000)
  from space 13312K, 99% used [0x00000007a9f00000,0x00000007aabf8170,0x00000007aac00000)
  to   space 15360K, 0% used [0x00000007a9000000,0x00000007a9000000,0x00000007a9f00000)
 ParOldGen       total 168448K, used 19801K [0x0000000760000000, 0x000000076a480000, 0x00000007a0000000)
  object space 168448K, 11% used [0x0000000760000000,0x0000000761356600,0x000000076a480000)
 Metaspace       used 53893K, capacity 55456K, committed 55640K, reserved 1097728K
  class space    used 7375K, capacity 7761K, committed 7808K, reserved 1048576K
Event: 7.107 GC heap after
Heap after GC invocations=9 (full 2):
 PSYoungGen      total 162816K, used 15357K [0x00000007a0000000, 0x00000007af900000, 0x00000007c0000000)
  eden space 147456K, 0% used [0x00000007a0000000,0x00000007a0000000,0x00000007a9000000)
  from space 15360K, 99% used [0x00000007a9000000,0x00000007a9eff520,0x00000007a9f00000)
  to   space 23040K, 0% used [0x00000007ae280000,0x00000007ae280000,0x00000007af900000)
 ParOldGen       total 168448K, used 31344K [0x0000000760000000, 0x000000076a480000, 0x00000007a0000000)
  object space 168448K, 18% used [0x0000000760000000,0x0000000761e9c1f0,0x000000076a480000)
 Metaspace       used 53893K, capacity 55456K, committed 55640K, reserved 1097728K
  class space    used 7375K, capacity 7761K, committed 7808K, reserved 1048576K
}
Event: 8.903 GC heap before
{Heap before GC invocations=10 (full 2):
 PSYoungGen      total 162816K, used 82203K [0x00000007a0000000, 0x00000007af900000, 0x00000007c0000000)
  eden space 147456K, 45% used [0x00000007a0000000,0x00000007a4147a78,0x00000007a9000000)
  from space 15360K, 99% used [0x00000007a9000000,0x00000007a9eff520,0x00000007a9f00000)
  to   space 23040K, 0% used [0x00000007ae280000,0x00000007ae280000,0x00000007af900000)
 ParOldGen       total 168448K, used 31344K [0x0000000760000000, 0x000000076a480000, 0x00000007a0000000)
  object space 168448K, 18% used [0x0000000760000000,0x0000000761e9c1f0,0x000000076a480000)
 Metaspace       used 57128K, capacity 58896K, committed 59028K, reserved 1099776K
  class space    used 7777K, capacity 8173K, committed 8192K, reserved 1048576K
Event: 8.919 GC heap after
Heap after GC invocations=10 (full 2):
 PSYoungGen      total 228352K, used 19768K [0x00000007a0000000, 0x00000007af980000, 0x00000007c0000000)
  eden space 205312K, 0% used [0x00000007a0000000,0x00000007a0000000,0x00000007ac880000)
  from space 23040K, 85% used [0x00000007ae280000,0x00000007af5ce210,0x00000007af900000)
  to   space 25088K, 0% used [0x00000007ac880000,0x00000007ac880000,0x00000007ae100000)
 ParOldGen       total 168448K, used 31352K [0x0000000760000000, 0x000000076a480000, 0x00000007a0000000)
  object space 168448K, 18% used [0x0000000760000000,0x0000000761e9e1f0,0x000000076a480000)
 Metaspace       used 57128K, capacity 58896K, committed 59028K, reserved 1099776K
  class space    used 7777K, capacity 8173K, committed 8192K, reserved 1048576K
}
Event: 8.919 GC heap before
{Heap before GC invocations=11 (full 3):
 PSYoungGen      total 228352K, used 19768K [0x00000007a0000000, 0x00000007af980000, 0x00000007c0000000)
  eden space 205312K, 0% used [0x00000007a0000000,0x00000007a0000000,0x00000007ac880000)
  from space 23040K, 85% used [0x00000007ae280000,0x00000007af5ce210,0x00000007af900000)
  to   space 25088K, 0% used [0x00000007ac880000,0x00000007ac880000,0x00000007ae100000)
 ParOldGen       total 168448K, used 31352K [0x0000000760000000, 0x000000076a480000, 0x00000007a0000000)
  object space 168448K, 18% used [0x0000000760000000,0x0000000761e9e1f0,0x000000076a480000)
 Metaspace       used 57128K, capacity 58896K, committed 59028K, reserved 1099776K
  class space    used 7777K, capacity 8173K, committed 8192K, reserved 1048576K
Event: 9.061 GC heap after
Heap after GC invocations=11 (full 3):
 PSYoungGen      total 228352K, used 0K [0x00000007a0000000, 0x00000007af980000, 0x00000007c0000000)
  eden space 205312K, 0% used [0x00000007a0000000,0x00000007a0000000,0x00000007ac880000)
  from space 23040K, 0% used [0x00000007ae280000,0x00000007ae280000,0x00000007af900000)
  to   space 25088K, 0% used [0x00000007ac880000,0x00000007ac880000,0x00000007ae100000)
 ParOldGen       total 244224K, used 33023K [0x0000000760000000, 0x000000076ee80000, 0x00000007a0000000)
  object space 244224K, 13% used [0x0000000760000000,0x000000076203fed8,0x000000076ee80000)
 Metaspace       used 57112K, capacity 58842K, committed 59028K, reserved 1099776K
  class space    used 7772K, capacity 8164K, committed 8192K, reserved 1048576K
}

