# JRE version: OpenJDK Runtime Environment (8.0_152-b01) (build 1.8.0_152-release-1024-b01)
# Java VM: OpenJDK 64-Bit Server VM (25.152-b01 mixed mode bsd-amd64 compressed oops)
Heap:
 PSYoungGen      total 196096K, used 157400K [0x00000007a0000000, 0x00000007b0c80000, 0x00000007c0000000)
  eden space 174592K, 90% used [0x00000007a0000000,0x00000007a99b6180,0x00000007aaa80000)
  from space 21504K, 0% used [0x00000007aaa80000,0x00000007aaa80000,0x00000007abf80000)
  to   space 22528K, 0% used [0x00000007af680000,0x00000007af680000,0x00000007b0c80000)
 ParOldGen       total 246272K, used 30346K [0x0000000760000000, 0x000000076f080000, 0x00000007a0000000)
  object space 246272K, 12% used [0x0000000760000000,0x0000000761da2b40,0x000000076f080000)
 Metaspace       used 69960K, capacity 73032K, committed 73236K, reserved 1112064K
  class space    used 9377K, capacity 10017K, committed 10044K, reserved 1048576K
GC Heap History (10 events):
Event: 4.740 GC heap before
{Heap before GC invocations=8 (full 2):
 PSYoungGen      total 137728K, used 126976K [0x00000007a0000000, 0x00000007a9c00000, 0x00000007c0000000)
  eden space 126976K, 100% used [0x00000007a0000000,0x00000007a7c00000,0x00000007a7c00000)
  from space 10752K, 0% used [0x00000007a7c00000,0x00000007a7c00000,0x00000007a8680000)
  to   space 13312K, 0% used [0x00000007a8f00000,0x00000007a8f00000,0x00000007a9c00000)
 ParOldGen       total 184320K, used 19333K [0x0000000760000000, 0x000000076b400000, 0x00000007a0000000)
  object space 184320K, 10% used [0x0000000760000000,0x00000007612e1520,0x000000076b400000)
 Metaspace       used 42286K, capacity 43002K, committed 43224K, reserved 1087488K
  class space    used 5840K, capacity 6084K, committed 6144K, reserved 1048576K
Event: 4.750 GC heap after
Heap after GC invocations=8 (full 2):
 PSYoungGen      total 144384K, used 13300K [0x00000007a0000000, 0x00000007ac880000, 0x00000007c0000000)
  eden space 131072K, 0% used [0x00000007a0000000,0x00000007a0000000,0x00000007a8000000)
  from space 13312K, 99% used [0x00000007a8f00000,0x00000007a9bfd2c8,0x00000007a9c00000)
  to   space 15360K, 0% used [0x00000007a8000000,0x00000007a8000000,0x00000007a8f00000)
 ParOldGen       total 184320K, used 19341K [0x0000000760000000, 0x000000076b400000, 0x00000007a0000000)
  object space 184320K, 10% used [0x0000000760000000,0x00000007612e3520,0x000000076b400000)
 Metaspace       used 42286K, capacity 43002K, committed 43224K, reserved 1087488K
  class space    used 5840K, capacity 6084K, committed 6144K, reserved 1048576K
}
Event: 6.536 GC heap before
{Heap before GC invocations=9 (full 2):
 PSYoungGen      total 144384K, used 144372K [0x00000007a0000000, 0x00000007ac880000, 0x00000007c0000000)
  eden space 131072K, 100% used [0x00000007a0000000,0x00000007a8000000,0x00000007a8000000)
  from space 13312K, 99% used [0x00000007a8f00000,0x00000007a9bfd2c8,0x00000007a9c00000)
  to   space 15360K, 0% used [0x00000007a8000000,0x00000007a8000000,0x00000007a8f00000)
 ParOldGen       total 184320K, used 19341K [0x0000000760000000, 0x000000076b400000, 0x00000007a0000000)
  object space 184320K, 10% used [0x0000000760000000,0x00000007612e3520,0x000000076b400000)
 Metaspace       used 53391K, capacity 54860K, committed 55000K, reserved 1097728K
  class space    used 7309K, capacity 7679K, committed 7680K, reserved 1048576K
Event: 6.551 GC heap after
Heap after GC invocations=9 (full 2):
 PSYoungGen      total 146432K, used 15333K [0x00000007a0000000, 0x00000007ad580000, 0x00000007c0000000)
  eden space 131072K, 0% used [0x00000007a0000000,0x00000007a0000000,0x00000007a8000000)
  from space 15360K, 99% used [0x00000007a8000000,0x00000007a8ef9510,0x00000007a8f00000)
  to   space 20480K, 0% used [0x00000007ac180000,0x00000007ac180000,0x00000007ad580000)
 ParOldGen       total 184320K, used 25464K [0x0000000760000000, 0x000000076b400000, 0x00000007a0000000)
  object space 184320K, 13% used [0x0000000760000000,0x00000007618de178,0x000000076b400000)
 Metaspace       used 53391K, capacity 54860K, committed 55000K, reserved 1097728K
  class space    used 7309K, capacity 7679K, committed 7680K, reserved 1048576K
}
Event: 8.416 GC heap before
{Heap before GC invocations=10 (full 2):
 PSYoungGen      total 146432K, used 146405K [0x00000007a0000000, 0x00000007ad580000, 0x00000007c0000000)
  eden space 131072K, 100% used [0x00000007a0000000,0x00000007a8000000,0x00000007a8000000)
  from space 15360K, 99% used [0x00000007a8000000,0x00000007a8ef9510,0x00000007a8f00000)
  to   space 20480K, 0% used [0x00000007ac180000,0x00000007ac180000,0x00000007ad580000)
 ParOldGen       total 184320K, used 25464K [0x0000000760000000, 0x000000076b400000, 0x00000007a0000000)
  object space 184320K, 13% used [0x0000000760000000,0x00000007618de178,0x000000076b400000)
 Metaspace       used 56678K, capacity 58210K, committed 58456K, reserved 1099776K
  class space    used 7621K, capacity 7974K, committed 8064K, reserved 1048576K
Event: 8.429 GC heap after
Heap after GC invocations=10 (full 2):
 PSYoungGen      total 194048K, used 17201K [0x00000007a0000000, 0x00000007ad480000, 0x00000007c0000000)
  eden space 174592K, 0% used [0x00000007a0000000,0x00000007a0000000,0x00000007aaa80000)
  from space 19456K, 88% used [0x00000007ac180000,0x00000007ad24c4b8,0x00000007ad480000)
  to   space 21504K, 0% used [0x00000007aaa80000,0x00000007aaa80000,0x00000007abf80000)
 ParOldGen       total 184320K, used 25472K [0x0000000760000000, 0x000000076b400000, 0x00000007a0000000)
  object space 184320K, 13% used [0x0000000760000000,0x00000007618e0178,0x000000076b400000)
 Metaspace       used 56678K, capacity 58210K, committed 58456K, reserved 1099776K
  class space    used 7621K, capacity 7974K, committed 8064K, reserved 1048576K
}
Event: 8.655 GC heap before
{Heap before GC invocations=11 (full 2):
 PSYoungGen      total 194048K, used 41602K [0x00000007a0000000, 0x00000007ad480000, 0x00000007c0000000)
  eden space 174592K, 13% used [0x00000007a0000000,0x00000007a17d46f8,0x00000007aaa80000)
  from space 19456K, 88% used [0x00000007ac180000,0x00000007ad24c4b8,0x00000007ad480000)
  to   space 21504K, 0% used [0x00000007aaa80000,0x00000007aaa80000,0x00000007abf80000)
 ParOldGen       total 184320K, used 25472K [0x0000000760000000, 0x000000076b400000, 0x00000007a0000000)
  object space 184320K, 13% used [0x0000000760000000,0x00000007618e0178,0x000000076b400000)
 Metaspace       used 57433K, capacity 58970K, committed 59028K, reserved 1099776K
  class space    used 7711K, capacity 8078K, committed 8124K, reserved 1048576K
Event: 8.671 GC heap after
Heap after GC invocations=11 (full 2):
 PSYoungGen      total 196096K, used 17367K [0x00000007a0000000, 0x00000007b0c80000, 0x00000007c0000000)
  eden space 174592K, 0% used [0x00000007a0000000,0x00000007a0000000,0x00000007aaa80000)
  from space 21504K, 80% used [0x00000007aaa80000,0x00000007abb75da8,0x00000007abf80000)
  to   space 22528K, 0% used [0x00000007af680000,0x00000007af680000,0x00000007b0c80000)
 ParOldGen       total 184320K, used 25480K [0x0000000760000000, 0x000000076b400000, 0x00000007a0000000)
  object space 184320K, 13% used [0x0000000760000000,0x00000007618e2178,0x000000076b400000)
 Metaspace       used 57433K, capacity 58970K, committed 59028K, reserved 1099776K
  class space    used 7711K, capacity 8078K, committed 8124K, reserved 1048576K
}
Event: 8.671 GC heap before
{Heap before GC invocations=12 (full 3):
 PSYoungGen      total 196096K, used 17367K [0x00000007a0000000, 0x00000007b0c80000, 0x00000007c0000000)
  eden space 174592K, 0% used [0x00000007a0000000,0x00000007a0000000,0x00000007aaa80000)
  from space 21504K, 80% used [0x00000007aaa80000,0x00000007abb75da8,0x00000007abf80000)
  to   space 22528K, 0% used [0x00000007af680000,0x00000007af680000,0x00000007b0c80000)
 ParOldGen       total 184320K, used 25480K [0x0000000760000000, 0x000000076b400000, 0x00000007a0000000)
  object space 184320K, 13% used [0x0000000760000000,0x00000007618e2178,0x000000076b400000)
 Metaspace       used 57433K, capacity 58970K, committed 59028K, reserved 1099776K
  class space    used 7711K, capacity 8078K, committed 8124K, reserved 1048576K
Event: 8.805 GC heap after
Heap after GC invocations=12 (full 3):
 PSYoungGen      total 196096K, used 0K [0x00000007a0000000, 0x00000007b0c80000, 0x00000007c0000000)
  eden space 174592K, 0% used [0x00000007a0000000,0x00000007a0000000,0x00000007aaa80000)
  from space 21504K, 0% used [0x00000007aaa80000,0x00000007aaa80000,0x00000007abf80000)
  to   space 22528K, 0% used [0x00000007af680000,0x00000007af680000,0x00000007b0c80000)
 ParOldGen       total 246272K, used 30346K [0x0000000760000000, 0x000000076f080000, 0x00000007a0000000)
  object space 246272K, 12% used [0x0000000760000000,0x0000000761da2b40,0x000000076f080000)
 Metaspace       used 57429K, capacity 58958K, committed 59028K, reserved 1099776K
  class space    used 7710K, capacity 8076K, committed 8124K, reserved 1048576K
}

