# JRE version: OpenJDK Runtime Environment (8.0_152-b01) (build 1.8.0_152-release-1024-b01)
# Java VM: OpenJDK 64-Bit Server VM (25.152-b01 mixed mode bsd-amd64 compressed oops)
Heap:
 PSYoungGen      total 138240K, used 81149K [0x00000007a0000000, 0x00000007aa380000, 0x00000007c0000000)
  eden space 127488K, 63% used [0x00000007a0000000,0x00000007a4f3f5f0,0x00000007a7c80000)
  from space 10752K, 0% used [0x00000007a7c80000,0x00000007a7c80000,0x00000007a8700000)
  to   space 13312K, 0% used [0x00000007a9680000,0x00000007a9680000,0x00000007aa380000)
 ParOldGen       total 174592K, used 19155K [0x0000000760000000, 0x000000076aa80000, 0x00000007a0000000)
  object space 174592K, 10% used [0x0000000760000000,0x00000007612b4ca0,0x000000076aa80000)
 Metaspace       used 39381K, capacity 40164K, committed 40408K, reserved 1083392K
  class space    used 5366K, capacity 5612K, committed 5632K, reserved 1048576K
GC Heap History (10 events):
Event: 2.371 GC heap before
{Heap before GC invocations=3 (full 0):
 PSYoungGen      total 76288K, used 32265K [0x00000007a0000000, 0x00000007a5500000, 0x00000007c0000000)
  eden space 65536K, 33% used [0x00000007a0000000,0x00000007a1545768,0x00000007a4000000)
  from space 10752K, 97% used [0x00000007a4a80000,0x00000007a54bd000,0x00000007a5500000)
  to   space 10752K, 0% used [0x00000007a4000000,0x00000007a4000000,0x00000007a4a80000)
 ParOldGen       total 175104K, used 24K [0x0000000760000000, 0x000000076ab00000, 0x00000007a0000000)
  object space 175104K, 0% used [0x0000000760000000,0x0000000760006000,0x000000076ab00000)
 Metaspace       used 20745K, capacity 21102K, committed 21248K, reserved 1067008K
  class space    used 2910K, capacity 3069K, committed 3072K, reserved 1048576K
Event: 2.381 GC heap after
Heap after GC invocations=3 (full 0):
 PSYoungGen      total 76288K, used 8983K [0x00000007a0000000, 0x00000007a9500000, 0x00000007c0000000)
  eden space 65536K, 0% used [0x00000007a0000000,0x00000007a0000000,0x00000007a4000000)
  from space 10752K, 83% used [0x00000007a4000000,0x00000007a48c5f68,0x00000007a4a80000)
  to   space 10752K, 0% used [0x00000007a8a80000,0x00000007a8a80000,0x00000007a9500000)
 ParOldGen       total 175104K, used 32K [0x0000000760000000, 0x000000076ab00000, 0x00000007a0000000)
  object space 175104K, 0% used [0x0000000760000000,0x0000000760008000,0x000000076ab00000)
 Metaspace       used 20745K, capacity 21102K, committed 21248K, reserved 1067008K
  class space    used 2910K, capacity 3069K, committed 3072K, reserved 1048576K
}
Event: 2.381 GC heap before
{Heap before GC invocations=4 (full 1):
 PSYoungGen      total 76288K, used 8983K [0x00000007a0000000, 0x00000007a9500000, 0x00000007c0000000)
  eden space 65536K, 0% used [0x00000007a0000000,0x00000007a0000000,0x00000007a4000000)
  from space 10752K, 83% used [0x00000007a4000000,0x00000007a48c5f68,0x00000007a4a80000)
  to   space 10752K, 0% used [0x00000007a8a80000,0x00000007a8a80000,0x00000007a9500000)
 ParOldGen       total 175104K, used 32K [0x0000000760000000, 0x000000076ab00000, 0x00000007a0000000)
  object space 175104K, 0% used [0x0000000760000000,0x0000000760008000,0x000000076ab00000)
 Metaspace       used 20745K, capacity 21102K, committed 21248K, reserved 1067008K
  class space    used 2910K, capacity 3069K, committed 3072K, reserved 1048576K
Event: 2.414 GC heap after
Heap after GC invocations=4 (full 1):
 PSYoungGen      total 76288K, used 0K [0x00000007a0000000, 0x00000007a9500000, 0x00000007c0000000)
  eden space 65536K, 0% used [0x00000007a0000000,0x00000007a0000000,0x00000007a4000000)
  from space 10752K, 0% used [0x00000007a4000000,0x00000007a4000000,0x00000007a4a80000)
  to   space 10752K, 0% used [0x00000007a8a80000,0x00000007a8a80000,0x00000007a9500000)
 ParOldGen       total 107520K, used 8678K [0x0000000760000000, 0x0000000766900000, 0x00000007a0000000)
  object space 107520K, 8% used [0x0000000760000000,0x0000000760879b88,0x0000000766900000)
 Metaspace       used 20745K, capacity 21102K, committed 21248K, reserved 1067008K
  class space    used 2910K, capacity 3069K, committed 3072K, reserved 1048576K
}
Event: 3.439 GC heap before
{Heap before GC invocations=5 (full 1):
 PSYoungGen      total 76288K, used 65536K [0x00000007a0000000, 0x00000007a9500000, 0x00000007c0000000)
  eden space 65536K, 100% used [0x00000007a0000000,0x00000007a4000000,0x00000007a4000000)
  from space 10752K, 0% used [0x00000007a4000000,0x00000007a4000000,0x00000007a4a80000)
  to   space 10752K, 0% used [0x00000007a8a80000,0x00000007a8a80000,0x00000007a9500000)
 ParOldGen       total 107520K, used 8678K [0x0000000760000000, 0x0000000766900000, 0x00000007a0000000)
  object space 107520K, 8% used [0x0000000760000000,0x0000000760879b88,0x0000000766900000)
 Metaspace       used 26278K, capacity 26798K, committed 27136K, reserved 1073152K
  class space    used 3638K, capacity 3828K, committed 3840K, reserved 1048576K
Event: 3.449 GC heap after
Heap after GC invocations=5 (full 1):
 PSYoungGen      total 103936K, used 6949K [0x00000007a0000000, 0x00000007a9180000, 0x00000007c0000000)
  eden space 96768K, 0% used [0x00000007a0000000,0x00000007a0000000,0x00000007a5e80000)
  from space 7168K, 96% used [0x00000007a8a80000,0x00000007a91495a0,0x00000007a9180000)
  to   space 10752K, 0% used [0x00000007a7c80000,0x00000007a7c80000,0x00000007a8700000)
 ParOldGen       total 107520K, used 8678K [0x0000000760000000, 0x0000000766900000, 0x00000007a0000000)
  object space 107520K, 8% used [0x0000000760000000,0x0000000760879b88,0x0000000766900000)
 Metaspace       used 26278K, capacity 26798K, committed 27136K, reserved 1073152K
  class space    used 3638K, capacity 3828K, committed 3840K, reserved 1048576K
}
Event: 5.067 GC heap before
{Heap before GC invocations=6 (full 1):
 PSYoungGen      total 103936K, used 96344K [0x00000007a0000000, 0x00000007a9180000, 0x00000007c0000000)
  eden space 96768K, 92% used [0x00000007a0000000,0x00000007a574cb78,0x00000007a5e80000)
  from space 7168K, 96% used [0x00000007a8a80000,0x00000007a91495a0,0x00000007a9180000)
  to   space 10752K, 0% used [0x00000007a7c80000,0x00000007a7c80000,0x00000007a8700000)
 ParOldGen       total 107520K, used 8678K [0x0000000760000000, 0x0000000766900000, 0x00000007a0000000)
  object space 107520K, 8% used [0x0000000760000000,0x0000000760879b88,0x0000000766900000)
 Metaspace       used 34667K, capacity 35200K, committed 35416K, reserved 1079296K
  class space    used 4773K, capacity 4970K, committed 4992K, reserved 1048576K
Event: 5.081 GC heap after
Heap after GC invocations=6 (full 1):
 PSYoungGen      total 138240K, used 10729K [0x00000007a0000000, 0x00000007aa380000, 0x00000007c0000000)
  eden space 127488K, 0% used [0x00000007a0000000,0x00000007a0000000,0x00000007a7c80000)
  from space 10752K, 99% used [0x00000007a7c80000,0x00000007a86fa5a8,0x00000007a8700000)
  to   space 13312K, 0% used [0x00000007a9680000,0x00000007a9680000,0x00000007aa380000)
 ParOldGen       total 107520K, used 10554K [0x0000000760000000, 0x0000000766900000, 0x00000007a0000000)
  object space 107520K, 9% used [0x0000000760000000,0x0000000760a4ebe0,0x0000000766900000)
 Metaspace       used 34667K, capacity 35200K, committed 35416K, reserved 1079296K
  class space    used 4773K, capacity 4970K, committed 4992K, reserved 1048576K
}
Event: 5.081 GC heap before
{Heap before GC invocations=7 (full 2):
 PSYoungGen      total 138240K, used 10729K [0x00000007a0000000, 0x00000007aa380000, 0x00000007c0000000)
  eden space 127488K, 0% used [0x00000007a0000000,0x00000007a0000000,0x00000007a7c80000)
  from space 10752K, 99% used [0x00000007a7c80000,0x00000007a86fa5a8,0x00000007a8700000)
  to   space 13312K, 0% used [0x00000007a9680000,0x00000007a9680000,0x00000007aa380000)
 ParOldGen       total 107520K, used 10554K [0x0000000760000000, 0x0000000766900000, 0x00000007a0000000)
  object space 107520K, 9% used [0x0000000760000000,0x0000000760a4ebe0,0x0000000766900000)
 Metaspace       used 34667K, capacity 35200K, committed 35416K, reserved 1079296K
  class space    used 4773K, capacity 4970K, committed 4992K, reserved 1048576K
Event: 5.122 GC heap after
Heap after GC invocations=7 (full 2):
 PSYoungGen      total 138240K, used 0K [0x00000007a0000000, 0x00000007aa380000, 0x00000007c0000000)
  eden space 127488K, 0% used [0x00000007a0000000,0x00000007a0000000,0x00000007a7c80000)
  from space 10752K, 0% used [0x00000007a7c80000,0x00000007a7c80000,0x00000007a8700000)
  to   space 13312K, 0% used [0x00000007a9680000,0x00000007a9680000,0x00000007aa380000)
 ParOldGen       total 174592K, used 19155K [0x0000000760000000, 0x000000076aa80000, 0x00000007a0000000)
  object space 174592K, 10% used [0x0000000760000000,0x00000007612b4ca0,0x000000076aa80000)
 Metaspace       used 34667K, capacity 35200K, committed 35416K, reserved 1079296K
  class space    used 4773K, capacity 4970K, committed 4992K, reserved 1048576K
}

