# JRE version: OpenJDK Runtime Environment (8.0_152-b01) (build 1.8.0_152-release-1024-b01)
# Java VM: OpenJDK 64-Bit Server VM (25.152-b01 mixed mode bsd-amd64 compressed oops)
Heap:
 PSYoungGen      total 104960K, used 76027K [0x00000007a0000000, 0x00000007a9180000, 0x00000007c0000000)
  eden space 97792K, 70% used [0x00000007a0000000,0x00000007a439efa8,0x00000007a5f80000)
  from space 7168K, 94% used [0x00000007a8a80000,0x00000007a911ff28,0x00000007a9180000)
  to   space 10752K, 0% used [0x00000007a7c80000,0x00000007a7c80000,0x00000007a8700000)
 ParOldGen       total 109056K, used 8723K [0x0000000760000000, 0x0000000766a80000, 0x00000007a0000000)
  object space 109056K, 7% used [0x0000000760000000,0x0000000760884cd0,0x0000000766a80000)
 Metaspace       used 29730K, capacity 30324K, committed 30592K, reserved 1075200K
  class space    used 4173K, capacity 4365K, committed 4480K, reserved 1048576K
GC Heap History (10 events):
Event: 0.887 GC heap before
{Heap before GC invocations=1 (full 0):
 PSYoungGen      total 76288K, used 65536K [0x00000007a0000000, 0x00000007a5500000, 0x00000007c0000000)
  eden space 65536K, 100% used [0x00000007a0000000,0x00000007a4000000,0x00000007a4000000)
  from space 10752K, 0% used [0x00000007a4a80000,0x00000007a4a80000,0x00000007a5500000)
  to   space 10752K, 0% used [0x00000007a4000000,0x00000007a4000000,0x00000007a4a80000)
 ParOldGen       total 175104K, used 0K [0x0000000760000000, 0x000000076ab00000, 0x00000007a0000000)
  object space 175104K, 0% used [0x0000000760000000,0x0000000760000000,0x000000076ab00000)
 Metaspace       used 10646K, capacity 10984K, committed 11136K, reserved 1058816K
  class space    used 1429K, capacity 1550K, committed 1664K, reserved 1048576K
Event: 0.894 GC heap after
Heap after GC invocations=1 (full 0):
 PSYoungGen      total 76288K, used 7788K [0x00000007a0000000, 0x00000007a5500000, 0x00000007c0000000)
  eden space 65536K, 0% used [0x00000007a0000000,0x00000007a0000000,0x00000007a4000000)
  from space 10752K, 72% used [0x00000007a4000000,0x00000007a479b2d0,0x00000007a4a80000)
  to   space 10752K, 0% used [0x00000007a4a80000,0x00000007a4a80000,0x00000007a5500000)
 ParOldGen       total 175104K, used 16K [0x0000000760000000, 0x000000076ab00000, 0x00000007a0000000)
  object space 175104K, 0% used [0x0000000760000000,0x0000000760004000,0x000000076ab00000)
 Metaspace       used 10646K, capacity 10984K, committed 11136K, reserved 1058816K
  class space    used 1429K, capacity 1550K, committed 1664K, reserved 1048576K
}
Event: 1.444 GC heap before
{Heap before GC invocations=2 (full 0):
 PSYoungGen      total 76288K, used 73324K [0x00000007a0000000, 0x00000007a5500000, 0x00000007c0000000)
  eden space 65536K, 100% used [0x00000007a0000000,0x00000007a4000000,0x00000007a4000000)
  from space 10752K, 72% used [0x00000007a4000000,0x00000007a479b2d0,0x00000007a4a80000)
  to   space 10752K, 0% used [0x00000007a4a80000,0x00000007a4a80000,0x00000007a5500000)
 ParOldGen       total 175104K, used 16K [0x0000000760000000, 0x000000076ab00000, 0x00000007a0000000)
  object space 175104K, 0% used [0x0000000760000000,0x0000000760004000,0x000000076ab00000)
 Metaspace       used 16661K, capacity 17004K, committed 17152K, reserved 1064960K
  class space    used 2414K, capacity 2542K, committed 2560K, reserved 1048576K
Event: 1.454 GC heap after
Heap after GC invocations=2 (full 0):
 PSYoungGen      total 76288K, used 10420K [0x00000007a0000000, 0x00000007a9500000, 0x00000007c0000000)
  eden space 65536K, 0% used [0x00000007a0000000,0x00000007a0000000,0x00000007a4000000)
  from space 10752K, 96% used [0x00000007a4a80000,0x00000007a54ad280,0x00000007a5500000)
  to   space 10752K, 0% used [0x00000007a4000000,0x00000007a4000000,0x00000007a4a80000)
 ParOldGen       total 175104K, used 24K [0x0000000760000000, 0x000000076ab00000, 0x00000007a0000000)
  object space 175104K, 0% used [0x0000000760000000,0x0000000760006000,0x000000076ab00000)
 Metaspace       used 16661K, capacity 17004K, committed 17152K, reserved 1064960K
  class space    used 2414K, capacity 2542K, committed 2560K, reserved 1048576K
}
Event: 1.773 GC heap before
{Heap before GC invocations=3 (full 0):
 PSYoungGen      total 76288K, used 32843K [0x00000007a0000000, 0x00000007a9500000, 0x00000007c0000000)
  eden space 65536K, 34% used [0x00000007a0000000,0x00000007a15e5b18,0x00000007a4000000)
  from space 10752K, 96% used [0x00000007a4a80000,0x00000007a54ad280,0x00000007a5500000)
  to   space 10752K, 0% used [0x00000007a4000000,0x00000007a4000000,0x00000007a4a80000)
 ParOldGen       total 175104K, used 24K [0x0000000760000000, 0x000000076ab00000, 0x00000007a0000000)
  object space 175104K, 0% used [0x0000000760000000,0x0000000760006000,0x000000076ab00000)
 Metaspace       used 20736K, capacity 21102K, committed 21248K, reserved 1067008K
  class space    used 2914K, capacity 3069K, committed 3072K, reserved 1048576K
Event: 1.781 GC heap after
Heap after GC invocations=3 (full 0):
 PSYoungGen      total 76288K, used 9021K [0x00000007a0000000, 0x00000007a9500000, 0x00000007c0000000)
  eden space 65536K, 0% used [0x00000007a0000000,0x00000007a0000000,0x00000007a4000000)
  from space 10752K, 83% used [0x00000007a4000000,0x00000007a48cf5c0,0x00000007a4a80000)
  to   space 10752K, 0% used [0x00000007a8a80000,0x00000007a8a80000,0x00000007a9500000)
 ParOldGen       total 175104K, used 32K [0x0000000760000000, 0x000000076ab00000, 0x00000007a0000000)
  object space 175104K, 0% used [0x0000000760000000,0x0000000760008000,0x000000076ab00000)
 Metaspace       used 20736K, capacity 21102K, committed 21248K, reserved 1067008K
  class space    used 2914K, capacity 3069K, committed 3072K, reserved 1048576K
}
Event: 1.781 GC heap before
{Heap before GC invocations=4 (full 1):
 PSYoungGen      total 76288K, used 9021K [0x00000007a0000000, 0x00000007a9500000, 0x00000007c0000000)
  eden space 65536K, 0% used [0x00000007a0000000,0x00000007a0000000,0x00000007a4000000)
  from space 10752K, 83% used [0x00000007a4000000,0x00000007a48cf5c0,0x00000007a4a80000)
  to   space 10752K, 0% used [0x00000007a8a80000,0x00000007a8a80000,0x00000007a9500000)
 ParOldGen       total 175104K, used 32K [0x0000000760000000, 0x000000076ab00000, 0x00000007a0000000)
  object space 175104K, 0% used [0x0000000760000000,0x0000000760008000,0x000000076ab00000)
 Metaspace       used 20736K, capacity 21102K, committed 21248K, reserved 1067008K
  class space    used 2914K, capacity 3069K, committed 3072K, reserved 1048576K
Event: 1.813 GC heap after
Heap after GC invocations=4 (full 1):
 PSYoungGen      total 76288K, used 0K [0x00000007a0000000, 0x00000007a9500000, 0x00000007c0000000)
  eden space 65536K, 0% used [0x00000007a0000000,0x00000007a0000000,0x00000007a4000000)
  from space 10752K, 0% used [0x00000007a4000000,0x00000007a4000000,0x00000007a4a80000)
  to   space 10752K, 0% used [0x00000007a8a80000,0x00000007a8a80000,0x00000007a9500000)
 ParOldGen       total 109056K, used 8715K [0x0000000760000000, 0x0000000766a80000, 0x00000007a0000000)
  object space 109056K, 7% used [0x0000000760000000,0x0000000760882cd0,0x0000000766a80000)
 Metaspace       used 20736K, capacity 21102K, committed 21248K, reserved 1067008K
  class space    used 2914K, capacity 3069K, committed 3072K, reserved 1048576K
}
Event: 2.629 GC heap before
{Heap before GC invocations=5 (full 1):
 PSYoungGen      total 76288K, used 65536K [0x00000007a0000000, 0x00000007a9500000, 0x00000007c0000000)
  eden space 65536K, 100% used [0x00000007a0000000,0x00000007a4000000,0x00000007a4000000)
  from space 10752K, 0% used [0x00000007a4000000,0x00000007a4000000,0x00000007a4a80000)
  to   space 10752K, 0% used [0x00000007a8a80000,0x00000007a8a80000,0x00000007a9500000)
 ParOldGen       total 109056K, used 8715K [0x0000000760000000, 0x0000000766a80000, 0x00000007a0000000)
  object space 109056K, 7% used [0x0000000760000000,0x0000000760882cd0,0x0000000766a80000)
 Metaspace       used 26233K, capacity 26766K, committed 27136K, reserved 1073152K
  class space    used 3632K, capacity 3796K, committed 3840K, reserved 1048576K
Event: 2.645 GC heap after
Heap after GC invocations=5 (full 1):
 PSYoungGen      total 104960K, used 6783K [0x00000007a0000000, 0x00000007a9180000, 0x00000007c0000000)
  eden space 97792K, 0% used [0x00000007a0000000,0x00000007a0000000,0x00000007a5f80000)
  from space 7168K, 94% used [0x00000007a8a80000,0x00000007a911ff28,0x00000007a9180000)
  to   space 10752K, 0% used [0x00000007a7c80000,0x00000007a7c80000,0x00000007a8700000)
 ParOldGen       total 109056K, used 8723K [0x0000000760000000, 0x0000000766a80000, 0x00000007a0000000)
  object space 109056K, 7% used [0x0000000760000000,0x0000000760884cd0,0x0000000766a80000)
 Metaspace       used 26233K, capacity 26766K, committed 27136K, reserved 1073152K
  class space    used 3632K, capacity 3796K, committed 3840K, reserved 1048576K
}

