# JRE version: OpenJDK Runtime Environment (8.0_152-b01) (build 1.8.0_152-release-1024-b01)
# Java VM: OpenJDK 64-Bit Server VM (25.152-b01 mixed mode bsd-amd64 compressed oops)
Heap:
 PSYoungGen      total 384512K, used 140420K [0x00000007a0000000, 0x00000007be100000, 0x00000007c0000000)
  eden space 369152K, 38% used [0x00000007a0000000,0x00000007a8921218,0x00000007b6880000)
  from space 15360K, 0% used [0x00000007b6880000,0x00000007b6880000,0x00000007b7780000)
  to   space 21504K, 0% used [0x00000007bcc00000,0x00000007bcc00000,0x00000007be100000)
 ParOldGen       total 248832K, used 40951K [0x0000000760000000, 0x000000076f300000, 0x00000007a0000000)
  object space 248832K, 16% used [0x0000000760000000,0x00000007627fdda0,0x000000076f300000)
 Metaspace       used 61908K, capacity 63804K, committed 63960K, reserved 1103872K
  class space    used 8216K, capacity 8691K, committed 8704K, reserved 1048576K
GC Heap History (10 events):
Event: 35.190 GC heap before
{Heap before GC invocations=8 (full 2):
 PSYoungGen      total 272896K, used 262144K [0x00000007a0000000, 0x00000007b3180000, 0x00000007c0000000)
  eden space 262144K, 100% used [0x00000007a0000000,0x00000007b0000000,0x00000007b0000000)
  from space 10752K, 0% used [0x00000007b0000000,0x00000007b0000000,0x00000007b0a80000)
  to   space 14336K, 0% used [0x00000007b2380000,0x00000007b2380000,0x00000007b3180000)
 ParOldGen       total 173056K, used 20108K [0x0000000760000000, 0x000000076a900000, 0x00000007a0000000)
  object space 173056K, 11% used [0x0000000760000000,0x00000007613a3210,0x000000076a900000)
 Metaspace       used 40664K, capacity 41498K, committed 41944K, reserved 1085440K
  class space    used 5265K, capacity 5536K, committed 5632K, reserved 1048576K
Event: 35.200 GC heap after
Heap after GC invocations=8 (full 2):
 PSYoungGen      total 298496K, used 7879K [0x00000007a0000000, 0x00000007b7d00000, 0x00000007c0000000)
  eden space 284160K, 0% used [0x00000007a0000000,0x00000007a0000000,0x00000007b1580000)
  from space 14336K, 54% used [0x00000007b2380000,0x00000007b2b31d20,0x00000007b3180000)
  to   space 14336K, 0% used [0x00000007b1580000,0x00000007b1580000,0x00000007b2380000)
 ParOldGen       total 173056K, used 20207K [0x0000000760000000, 0x000000076a900000, 0x00000007a0000000)
  object space 173056K, 11% used [0x0000000760000000,0x00000007613bbe70,0x000000076a900000)
 Metaspace       used 40664K, capacity 41498K, committed 41944K, reserved 1085440K
  class space    used 5265K, capacity 5536K, committed 5632K, reserved 1048576K
}
Event: 94.978 GC heap before
{Heap before GC invocations=9 (full 2):
 PSYoungGen      total 298496K, used 292039K [0x00000007a0000000, 0x00000007b7d00000, 0x00000007c0000000)
  eden space 284160K, 100% used [0x00000007a0000000,0x00000007b1580000,0x00000007b1580000)
  from space 14336K, 54% used [0x00000007b2380000,0x00000007b2b31d20,0x00000007b3180000)
  to   space 14336K, 0% used [0x00000007b1580000,0x00000007b1580000,0x00000007b2380000)
 ParOldGen       total 173056K, used 20207K [0x0000000760000000, 0x000000076a900000, 0x00000007a0000000)
  object space 173056K, 11% used [0x0000000760000000,0x00000007613bbe70,0x000000076a900000)
 Metaspace       used 40786K, capacity 41626K, committed 41944K, reserved 1085440K
  class space    used 5265K, capacity 5536K, committed 5632K, reserved 1048576K
Event: 94.984 GC heap after
Heap after GC invocations=9 (full 2):
 PSYoungGen      total 298496K, used 6491K [0x00000007a0000000, 0x00000007b8880000, 0x00000007c0000000)
  eden space 284160K, 0% used [0x00000007a0000000,0x00000007a0000000,0x00000007b1580000)
  from space 14336K, 45% used [0x00000007b1580000,0x00000007b1bd6fc0,0x00000007b2380000)
  to   space 14336K, 0% used [0x00000007b7a80000,0x00000007b7a80000,0x00000007b8880000)
 ParOldGen       total 173056K, used 20223K [0x0000000760000000, 0x000000076a900000, 0x00000007a0000000)
  object space 173056K, 11% used [0x0000000760000000,0x00000007613bfe70,0x000000076a900000)
 Metaspace       used 40786K, capacity 41626K, committed 41944K, reserved 1085440K
  class space    used 5265K, capacity 5536K, committed 5632K, reserved 1048576K
}
Event: 97.619 GC heap before
{Heap before GC invocations=10 (full 2):
 PSYoungGen      total 298496K, used 290651K [0x00000007a0000000, 0x00000007b8880000, 0x00000007c0000000)
  eden space 284160K, 100% used [0x00000007a0000000,0x00000007b1580000,0x00000007b1580000)
  from space 14336K, 45% used [0x00000007b1580000,0x00000007b1bd6fc0,0x00000007b2380000)
  to   space 14336K, 0% used [0x00000007b7a80000,0x00000007b7a80000,0x00000007b8880000)
 ParOldGen       total 173056K, used 20223K [0x0000000760000000, 0x000000076a900000, 0x00000007a0000000)
  object space 173056K, 11% used [0x0000000760000000,0x00000007613bfe70,0x000000076a900000)
 Metaspace       used 45300K, capacity 46294K, committed 46680K, reserved 1089536K
  class space    used 5860K, capacity 6159K, committed 6272K, reserved 1048576K
Event: 97.633 GC heap after
Heap after GC invocations=10 (full 2):
 PSYoungGen      total 381440K, used 12233K [0x00000007a0000000, 0x00000007b8680000, 0x00000007c0000000)
  eden space 369152K, 0% used [0x00000007a0000000,0x00000007a0000000,0x00000007b6880000)
  from space 12288K, 99% used [0x00000007b7a80000,0x00000007b86726c0,0x00000007b8680000)
  to   space 15360K, 0% used [0x00000007b6880000,0x00000007b6880000,0x00000007b7780000)
 ParOldGen       total 173056K, used 20231K [0x0000000760000000, 0x000000076a900000, 0x00000007a0000000)
  object space 173056K, 11% used [0x0000000760000000,0x00000007613c1e70,0x000000076a900000)
 Metaspace       used 45300K, capacity 46294K, committed 46680K, reserved 1089536K
  class space    used 5860K, capacity 6159K, committed 6272K, reserved 1048576K
}
Event: 99.192 GC heap before
{Heap before GC invocations=11 (full 2):
 PSYoungGen      total 381440K, used 190464K [0x00000007a0000000, 0x00000007b8680000, 0x00000007c0000000)
  eden space 369152K, 48% used [0x00000007a0000000,0x00000007aae0db80,0x00000007b6880000)
  from space 12288K, 99% used [0x00000007b7a80000,0x00000007b86726c0,0x00000007b8680000)
  to   space 15360K, 0% used [0x00000007b6880000,0x00000007b6880000,0x00000007b7780000)
 ParOldGen       total 173056K, used 20231K [0x0000000760000000, 0x000000076a900000, 0x00000007a0000000)
  object space 173056K, 11% used [0x0000000760000000,0x00000007613c1e70,0x000000076a900000)
 Metaspace       used 57468K, capacity 59004K, committed 59028K, reserved 1099776K
  class space    used 7514K, capacity 7935K, committed 7936K, reserved 1048576K
Event: 99.217 GC heap after
Heap after GC invocations=11 (full 2):
 PSYoungGen      total 384512K, used 15331K [0x00000007a0000000, 0x00000007be100000, 0x00000007c0000000)
  eden space 369152K, 0% used [0x00000007a0000000,0x00000007a0000000,0x00000007b6880000)
  from space 15360K, 99% used [0x00000007b6880000,0x00000007b7778dc8,0x00000007b7780000)
  to   space 21504K, 0% used [0x00000007bcc00000,0x00000007bcc00000,0x00000007be100000)
 ParOldGen       total 173056K, used 31689K [0x0000000760000000, 0x000000076a900000, 0x00000007a0000000)
  object space 173056K, 18% used [0x0000000760000000,0x0000000761ef24f8,0x000000076a900000)
 Metaspace       used 57468K, capacity 59004K, committed 59028K, reserved 1099776K
  class space    used 7514K, capacity 7935K, committed 7936K, reserved 1048576K
}
Event: 99.217 GC heap before
{Heap before GC invocations=12 (full 3):
 PSYoungGen      total 384512K, used 15331K [0x00000007a0000000, 0x00000007be100000, 0x00000007c0000000)
  eden space 369152K, 0% used [0x00000007a0000000,0x00000007a0000000,0x00000007b6880000)
  from space 15360K, 99% used [0x00000007b6880000,0x00000007b7778dc8,0x00000007b7780000)
  to   space 21504K, 0% used [0x00000007bcc00000,0x00000007bcc00000,0x00000007be100000)
 ParOldGen       total 173056K, used 31689K [0x0000000760000000, 0x000000076a900000, 0x00000007a0000000)
  object space 173056K, 18% used [0x0000000760000000,0x0000000761ef24f8,0x000000076a900000)
 Metaspace       used 57468K, capacity 59004K, committed 59028K, reserved 1099776K
  class space    used 7514K, capacity 7935K, committed 7936K, reserved 1048576K
Event: 99.373 GC heap after
Heap after GC invocations=12 (full 3):
 PSYoungGen      total 384512K, used 0K [0x00000007a0000000, 0x00000007be100000, 0x00000007c0000000)
  eden space 369152K, 0% used [0x00000007a0000000,0x00000007a0000000,0x00000007b6880000)
  from space 15360K, 0% used [0x00000007b6880000,0x00000007b6880000,0x00000007b7780000)
  to   space 21504K, 0% used [0x00000007bcc00000,0x00000007bcc00000,0x00000007be100000)
 ParOldGen       total 248832K, used 40951K [0x0000000760000000, 0x000000076f300000, 0x00000007a0000000)
  object space 248832K, 16% used [0x0000000760000000,0x00000007627fdda0,0x000000076f300000)
 Metaspace       used 57430K, capacity 58898K, committed 59028K, reserved 1099776K
  class space    used 7502K, capacity 7921K, committed 7936K, reserved 1048576K
}

